2021-03-23 14:36:25 SEVERE: Exception while retrieving tokens from persistence - zcrmsdk\oauth\exception\ZohoOAuthException Caused by:'No Tokens exist for the given user-identifier,Please generate and try again.' in C:\projects\web\ICIGAI\erp\kit-erp\vendor\zohocrm\php-sdk-archive\src\oauth\persistence\ZohoOAuthPersistenceByFile.php(44)
#0 C:\projects\web\ICIGAI\erp\kit-erp\vendor\zohocrm\php-sdk-archive\src\oauth\ZohoOAuthClient.php(38): zcrmsdk\oauth\persistence\ZohoOAuthPersistenceByFile->getOAuthTokens('karim@icigai.co...')
#1 C:\projects\web\ICIGAI\erp\kit-erp\vendor\zohocrm\php-sdk-archive\src\crm\utility\ZCRMConfigUtil.php(104): zcrmsdk\oauth\ZohoOAuthClient->getAccessToken('karim@icigai.co...')
#2 C:\projects\web\ICIGAI\erp\kit-erp\vendor\zohocrm\php-sdk-archive\src\crm\api\APIRequest.php(88): zcrmsdk\crm\utility\ZCRMConfigUtil::getAccessToken()
#3 C:\projects\web\ICIGAI\erp\kit-erp\vendor\zohocrm\php-sdk-archive\src\crm\api\APIRequest.php(113): zcrmsdk\crm\api\APIRequest->authenticateRequest()
#4 C:\projects\web\ICIGAI\erp\kit-erp\vendor\zohocrm\php-sdk-archive\src\crm\api\handler\EntityAPIHandler.php(45): zcrmsdk\crm\api\APIRequest->getAPIResponse()
#5 C:\projects\web\ICIGAI\erp\kit-erp\vendor\zohocrm\php-sdk-archive\src\crm\crud\ZCRMModule.php(1070): zcrmsdk\crm\api\handler\EntityAPIHandler->getRecord(Array, Array)
#6 C:\projects\web\ICIGAI\erp\kit-erp\app\Http\Controllers\Zoho\DealController.php(24): zcrmsdk\crm\crud\ZCRMModule->getRecord('469842000000220...')
#7 C:\projects\web\ICIGAI\erp\kit-erp\vendor\laravel\framework\src\Illuminate\Routing\Controller.php(54): App\Http\Controllers\Zoho\DealController->show('469842000000220...')
#8 C:\projects\web\ICIGAI\erp\kit-erp\vendor\laravel\framework\src\Illuminate\Routing\ControllerDispatcher.php(45): Illuminate\Routing\Controller->callAction('show', Array)
#9 C:\projects\web\ICIGAI\erp\kit-erp\vendor\laravel\framework\src\Illuminate\Routing\Route.php(254): Illuminate\Routing\ControllerDispatcher->dispatch(Object(Illuminate\Routing\Route), Object(App\Http\Controllers\Zoho\DealController), 'show')
#10 C:\projects\web\ICIGAI\erp\kit-erp\vendor\laravel\framework\src\Illuminate\Routing\Route.php(197): Illuminate\Routing\Route->runController()
#11 C:\projects\web\ICIGAI\erp\kit-erp\vendor\laravel\framework\src\Illuminate\Routing\Router.php(693): Illuminate\Routing\Route->run()
#12 C:\projects\web\ICIGAI\erp\kit-erp\vendor\laravel\framework\src\Illuminate\Pipeline\Pipeline.php(128): Illuminate\Routing\Router->Illuminate\Routing\{closure}(Object(Illuminate\Http\Request))
#13 C:\projects\web\ICIGAI\erp\kit-erp\vendor\laravel\framework\src\Illuminate\Routing\Middleware\SubstituteBindings.php(50): Illuminate\Pipeline\Pipeline->Illuminate\Pipeline\{closure}(Object(Illuminate\Http\Request))
#14 C:\projects\web\ICIGAI\erp\kit-erp\vendor\laravel\framework\src\Illuminate\Pipeline\Pipeline.php(167): Illuminate\Routing\Middleware\SubstituteBindings->handle(Object(Illuminate\Http\Request), Object(Closure))
#15 C:\projects\web\ICIGAI\erp\kit-erp\vendor\laravel\framework\src\Illuminate\Foundation\Http\Middleware\VerifyCsrfToken.php(78): Illuminate\Pipeline\Pipeline->Illuminate\Pipeline\{closure}(Object(Illuminate\Http\Request))
#16 C:\projects\web\ICIGAI\erp\kit-erp\vendor\laravel\framework\src\Illuminate\Pipeline\Pipeline.php(167): Illuminate\Foundation\Http\Middleware\VerifyCsrfToken->handle(Object(Illuminate\Http\Request), Object(Closure))
#17 C:\projects\web\ICIGAI\erp\kit-erp\vendor\laravel\framework\src\Illuminate\View\Middleware\ShareErrorsFromSession.php(49): Illuminate\Pipeline\Pipeline->Illuminate\Pipeline\{closure}(Object(Illuminate\Http\Request))
#18 C:\projects\web\ICIGAI\erp\kit-erp\vendor\laravel\framework\src\Illuminate\Pipeline\Pipeline.php(167): Illuminate\View\Middleware\ShareErrorsFromSession->handle(Object(Illuminate\Http\Request), Object(Closure))
#19 C:\projects\web\ICIGAI\erp\kit-erp\vendor\laravel\framework\src\Illuminate\Session\Middleware\StartSession.php(121): Illuminate\Pipeline\Pipeline->Illuminate\Pipeline\{closure}(Object(Illuminate\Http\Request))
#20 C:\projects\web\ICIGAI\erp\kit-erp\vendor\laravel\framework\src\Illuminate\Session\Middleware\StartSession.php(63): Illuminate\Session\Middleware\StartSession->handleStatefulRequest(Object(Illuminate\Http\Request), Object(Illuminate\Session\Store), Object(Closure))
#21 C:\projects\web\ICIGAI\erp\kit-erp\vendor\laravel\framework\src\Illuminate\Pipeline\Pipeline.php(167): Illuminate\Session\Middleware\StartSession->handle(Object(Illuminate\Http\Request), Object(Closure))
#22 C:\projects\web\ICIGAI\erp\kit-erp\vendor\laravel\framework\src\Illuminate\Cookie\Middleware\AddQueuedCookiesToResponse.php(37): Illuminate\Pipeline\Pipeline->Illuminate\Pipeline\{closure}(Object(Illuminate\Http\Request))
#23 C:\projects\web\ICIGAI\erp\kit-erp\vendor\laravel\framework\src\Illuminate\Pipeline\Pipeline.php(167): Illuminate\Cookie\Middleware\AddQueuedCookiesToResponse->handle(Object(Illuminate\Http\Request), Object(Closure))
#24 C:\projects\web\ICIGAI\erp\kit-erp\vendor\laravel\framework\src\Illuminate\Cookie\Middleware\EncryptCookies.php(67): Illuminate\Pipeline\Pipeline->Illuminate\Pipeline\{closure}(Object(Illuminate\Http\Request))
#25 C:\projects\web\ICIGAI\erp\kit-erp\vendor\laravel\framework\src\Illuminate\Pipeline\Pipeline.php(167): Illuminate\Cookie\Middleware\EncryptCookies->handle(Object(Illuminate\Http\Request), Object(Closure))
#26 C:\projects\web\ICIGAI\erp\kit-erp\vendor\laravel\framework\src\Illuminate\Pipeline\Pipeline.php(103): Illuminate\Pipeline\Pipeline->Illuminate\Pipeline\{closure}(Object(Illuminate\Http\Request))
#27 C:\projects\web\ICIGAI\erp\kit-erp\vendor\laravel\framework\src\Illuminate\Routing\Router.php(695): Illuminate\Pipeline\Pipeline->then(Object(Closure))
#28 C:\projects\web\ICIGAI\erp\kit-erp\vendor\laravel\framework\src\Illuminate\Routing\Router.php(670): Illuminate\Routing\Router->runRouteWithinStack(Object(Illuminate\Routing\Route), Object(Illuminate\Http\Request))
#29 C:\projects\web\ICIGAI\erp\kit-erp\vendor\laravel\framework\src\Illuminate\Routing\Router.php(636): Illuminate\Routing\Router->runRoute(Object(Illuminate\Http\Request), Object(Illuminate\Routing\Route))
#30 C:\projects\web\ICIGAI\erp\kit-erp\vendor\laravel\framework\src\Illuminate\Routing\Router.php(625): Illuminate\Routing\Router->dispatchToRoute(Object(Illuminate\Http\Request))
#31 C:\projects\web\ICIGAI\erp\kit-erp\vendor\laravel\framework\src\Illuminate\Foundation\Http\Kernel.php(166): Illuminate\Routing\Router->dispatch(Object(Illuminate\Http\Request))
#32 C:\projects\web\ICIGAI\erp\kit-erp\vendor\laravel\framework\src\Illuminate\Pipeline\Pipeline.php(128): Illuminate\Foundation\Http\Kernel->Illuminate\Foundation\Http\{closure}(Object(Illuminate\Http\Request))
#33 C:\projects\web\ICIGAI\erp\kit-erp\vendor\barryvdh\laravel-debugbar\src\Middleware\InjectDebugbar.php(67): Illuminate\Pipeline\Pipeline->Illuminate\Pipeline\{closure}(Object(Illuminate\Http\Request))
#34 C:\projects\web\ICIGAI\erp\kit-erp\vendor\laravel\framework\src\Illuminate\Pipeline\Pipeline.php(167): Barryvdh\Debugbar\Middleware\InjectDebugbar->handle(Object(Illuminate\Http\Request), Object(Closure))
#35 C:\projects\web\ICIGAI\erp\kit-erp\vendor\laravel\framework\src\Illuminate\Foundation\Http\Middleware\TransformsRequest.php(21): Illuminate\Pipeline\Pipeline->Illuminate\Pipeline\{closure}(Object(Illuminate\Http\Request))
#36 C:\projects\web\ICIGAI\erp\kit-erp\vendor\laravel\framework\src\Illuminate\Pipeline\Pipeline.php(167): Illuminate\Foundation\Http\Middleware\TransformsRequest->handle(Object(Illuminate\Http\Request), Object(Closure))
#37 C:\projects\web\ICIGAI\erp\kit-erp\vendor\laravel\framework\src\Illuminate\Foundation\Http\Middleware\TransformsRequest.php(21): Illuminate\Pipeline\Pipeline->Illuminate\Pipeline\{closure}(Object(Illuminate\Http\Request))
#38 C:\projects\web\ICIGAI\erp\kit-erp\vendor\laravel\framework\src\Illuminate\Pipeline\Pipeline.php(167): Illuminate\Foundation\Http\Middleware\TransformsRequest->handle(Object(Illuminate\Http\Request), Object(Closure))
#39 C:\projects\web\ICIGAI\erp\kit-erp\vendor\laravel\framework\src\Illuminate\Foundation\Http\Middleware\ValidatePostSize.php(27): Illuminate\Pipeline\Pipeline->Illuminate\Pipeline\{closure}(Object(Illuminate\Http\Request))
#40 C:\projects\web\ICIGAI\erp\kit-erp\vendor\laravel\framework\src\Illuminate\Pipeline\Pipeline.php(167): Illuminate\Foundation\Http\Middleware\ValidatePostSize->handle(Object(Illuminate\Http\Request), Object(Closure))
#41 C:\projects\web\ICIGAI\erp\kit-erp\vendor\laravel\framework\src\Illuminate\Foundation\Http\Middleware\PreventRequestsDuringMaintenance.php(86): Illuminate\Pipeline\Pipeline->Illuminate\Pipeline\{closure}(Object(Illuminate\Http\Request))
#42 C:\projects\web\ICIGAI\erp\kit-erp\vendor\laravel\framework\src\Illuminate\Pipeline\Pipeline.php(167): Illuminate\Foundation\Http\Middleware\PreventRequestsDuringMaintenance->handle(Object(Illuminate\Http\Request), Object(Closure))
#43 C:\projects\web\ICIGAI\erp\kit-erp\vendor\fruitcake\laravel-cors\src\HandleCors.php(37): Illuminate\Pipeline\Pipeline->Illuminate\Pipeline\{closure}(Object(Illuminate\Http\Request))
#44 C:\projects\web\ICIGAI\erp\kit-erp\vendor\laravel\framework\src\Illuminate\Pipeline\Pipeline.php(167): Fruitcake\Cors\HandleCors->handle(Object(Illuminate\Http\Request), Object(Closure))
#45 C:\projects\web\ICIGAI\erp\kit-erp\vendor\fideloper\proxy\src\TrustProxies.php(57): Illuminate\Pipeline\Pipeline->Illuminate\Pipeline\{closure}(Object(Illuminate\Http\Request))
#46 C:\projects\web\ICIGAI\erp\kit-erp\vendor\laravel\framework\src\Illuminate\Pipeline\Pipeline.php(167): Fideloper\Proxy\TrustProxies->handle(Object(Illuminate\Http\Request), Object(Closure))
#47 C:\projects\web\ICIGAI\erp\kit-erp\vendor\laravel\framework\src\Illuminate\Pipeline\Pipeline.php(103): Illuminate\Pipeline\Pipeline->Illuminate\Pipeline\{closure}(Object(Illuminate\Http\Request))
#48 C:\projects\web\ICIGAI\erp\kit-erp\vendor\laravel\framework\src\Illuminate\Foundation\Http\Kernel.php(141): Illuminate\Pipeline\Pipeline->then(Object(Closure))
#49 C:\projects\web\ICIGAI\erp\kit-erp\vendor\laravel\framework\src\Illuminate\Foundation\Http\Kernel.php(110): Illuminate\Foundation\Http\Kernel->sendRequestThroughRouter(Object(Illuminate\Http\Request))
#50 C:\projects\web\ICIGAI\erp\kit-erp\public\index.php(52): Illuminate\Foundation\Http\Kernel->handle(Object(Illuminate\Http\Request))
#51 C:\projects\web\ICIGAI\erp\kit-erp\server.php(21): require_once('C:\\projects\\web...')
#52 {main}
2021-03-23 14:37:06 ERROR: zcrmsdk\crm\exception\ZCRMException Caused by:'current user should either be set in ZCRMRestClient or in configuration map' in C:\projects\web\ICIGAI\erp\kit-erp\vendor\zohocrm\php-sdk-archive\src\crm\utility\ZCRMConfigUtil.php(99)
Trace::#0 C:\projects\web\ICIGAI\erp\kit-erp\vendor\zohocrm\php-sdk-archive\src\crm\api\APIRequest.php(88): zcrmsdk\crm\utility\ZCRMConfigUtil::getAccessToken()
#1 C:\projects\web\ICIGAI\erp\kit-erp\vendor\zohocrm\php-sdk-archive\src\crm\api\APIRequest.php(113): zcrmsdk\crm\api\APIRequest->authenticateRequest()
#2 C:\projects\web\ICIGAI\erp\kit-erp\vendor\zohocrm\php-sdk-archive\src\crm\api\handler\EntityAPIHandler.php(45): zcrmsdk\crm\api\APIRequest->getAPIResponse()
#3 C:\projects\web\ICIGAI\erp\kit-erp\vendor\zohocrm\php-sdk-archive\src\crm\crud\ZCRMModule.php(1070): zcrmsdk\crm\api\handler\EntityAPIHandler->getRecord(Array, Array)
#4 C:\projects\web\ICIGAI\erp\kit-erp\app\Http\Controllers\Zoho\DealController.php(24): zcrmsdk\crm\crud\ZCRMModule->getRecord('469842000000220...')
#5 C:\projects\web\ICIGAI\erp\kit-erp\vendor\laravel\framework\src\Illuminate\Routing\Controller.php(54): App\Http\Controllers\Zoho\DealController->show('469842000000220...')
#6 C:\projects\web\ICIGAI\erp\kit-erp\vendor\laravel\framework\src\Illuminate\Routing\ControllerDispatcher.php(45): Illuminate\Routing\Controller->callAction('show', Array)
#7 C:\projects\web\ICIGAI\erp\kit-erp\vendor\laravel\framework\src\Illuminate\Routing\Route.php(254): Illuminate\Routing\ControllerDispatcher->dispatch(Object(Illuminate\Routing\Route), Object(App\Http\Controllers\Zoho\DealController), 'show')
#8 C:\projects\web\ICIGAI\erp\kit-erp\vendor\laravel\framework\src\Illuminate\Routing\Route.php(197): Illuminate\Routing\Route->runController()
#9 C:\projects\web\ICIGAI\erp\kit-erp\vendor\laravel\framework\src\Illuminate\Routing\Router.php(693): Illuminate\Routing\Route->run()
#10 C:\projects\web\ICIGAI\erp\kit-erp\vendor\laravel\framework\src\Illuminate\Pipeline\Pipeline.php(128): Illuminate\Routing\Router->Illuminate\Routing\{closure}(Object(Illuminate\Http\Request))
#11 C:\projects\web\ICIGAI\erp\kit-erp\vendor\laravel\framework\src\Illuminate\Routing\Middleware\SubstituteBindings.php(50): Illuminate\Pipeline\Pipeline->Illuminate\Pipeline\{closure}(Object(Illuminate\Http\Request))
#12 C:\projects\web\ICIGAI\erp\kit-erp\vendor\laravel\framework\src\Illuminate\Pipeline\Pipeline.php(167): Illuminate\Routing\Middleware\SubstituteBindings->handle(Object(Illuminate\Http\Request), Object(Closure))
#13 C:\projects\web\ICIGAI\erp\kit-erp\vendor\laravel\framework\src\Illuminate\Foundation\Http\Middleware\VerifyCsrfToken.php(78): Illuminate\Pipeline\Pipeline->Illuminate\Pipeline\{closure}(Object(Illuminate\Http\Request))
#14 C:\projects\web\ICIGAI\erp\kit-erp\vendor\laravel\framework\src\Illuminate\Pipeline\Pipeline.php(167): Illuminate\Foundation\Http\Middleware\VerifyCsrfToken->handle(Object(Illuminate\Http\Request), Object(Closure))
#15 C:\projects\web\ICIGAI\erp\kit-erp\vendor\laravel\framework\src\Illuminate\View\Middleware\ShareErrorsFromSession.php(49): Illuminate\Pipeline\Pipeline->Illuminate\Pipeline\{closure}(Object(Illuminate\Http\Request))
#16 C:\projects\web\ICIGAI\erp\kit-erp\vendor\laravel\framework\src\Illuminate\Pipeline\Pipeline.php(167): Illuminate\View\Middleware\ShareErrorsFromSession->handle(Object(Illuminate\Http\Request), Object(Closure))
#17 C:\projects\web\ICIGAI\erp\kit-erp\vendor\laravel\framework\src\Illuminate\Session\Middleware\StartSession.php(121): Illuminate\Pipeline\Pipeline->Illuminate\Pipeline\{closure}(Object(Illuminate\Http\Request))
#18 C:\projects\web\ICIGAI\erp\kit-erp\vendor\laravel\framework\src\Illuminate\Session\Middleware\StartSession.php(63): Illuminate\Session\Middleware\StartSession->handleStatefulRequest(Object(Illuminate\Http\Request), Object(Illuminate\Session\Store), Object(Closure))
#19 C:\projects\web\ICIGAI\erp\kit-erp\vendor\laravel\framework\src\Illuminate\Pipeline\Pipeline.php(167): Illuminate\Session\Middleware\StartSession->handle(Object(Illuminate\Http\Request), Object(Closure))
#20 C:\projects\web\ICIGAI\erp\kit-erp\vendor\laravel\framework\src\Illuminate\Cookie\Middleware\AddQueuedCookiesToResponse.php(37): Illuminate\Pipeline\Pipeline->Illuminate\Pipeline\{closure}(Object(Illuminate\Http\Request))
#21 C:\projects\web\ICIGAI\erp\kit-erp\vendor\laravel\framework\src\Illuminate\Pipeline\Pipeline.php(167): Illuminate\Cookie\Middleware\AddQueuedCookiesToResponse->handle(Object(Illuminate\Http\Request), Object(Closure))
#22 C:\projects\web\ICIGAI\erp\kit-erp\vendor\laravel\framework\src\Illuminate\Cookie\Middleware\EncryptCookies.php(67): Illuminate\Pipeline\Pipeline->Illuminate\Pipeline\{closure}(Object(Illuminate\Http\Request))
#23 C:\projects\web\ICIGAI\erp\kit-erp\vendor\laravel\framework\src\Illuminate\Pipeline\Pipeline.php(167): Illuminate\Cookie\Middleware\EncryptCookies->handle(Object(Illuminate\Http\Request), Object(Closure))
#24 C:\projects\web\ICIGAI\erp\kit-erp\vendor\laravel\framework\src\Illuminate\Pipeline\Pipeline.php(103): Illuminate\Pipeline\Pipeline->Illuminate\Pipeline\{closure}(Object(Illuminate\Http\Request))
#25 C:\projects\web\ICIGAI\erp\kit-erp\vendor\laravel\framework\src\Illuminate\Routing\Router.php(695): Illuminate\Pipeline\Pipeline->then(Object(Closure))
#26 C:\projects\web\ICIGAI\erp\kit-erp\vendor\laravel\framework\src\Illuminate\Routing\Router.php(670): Illuminate\Routing\Router->runRouteWithinStack(Object(Illuminate\Routing\Route), Object(Illuminate\Http\Request))
#27 C:\projects\web\ICIGAI\erp\kit-erp\vendor\laravel\framework\src\Illuminate\Routing\Router.php(636): Illuminate\Routing\Router->runRoute(Object(Illuminate\Http\Request), Object(Illuminate\Routing\Route))
#28 C:\projects\web\ICIGAI\erp\kit-erp\vendor\laravel\framework\src\Illuminate\Routing\Router.php(625): Illuminate\Routing\Router->dispatchToRoute(Object(Illuminate\Http\Request))
#29 C:\projects\web\ICIGAI\erp\kit-erp\vendor\laravel\framework\src\Illuminate\Foundation\Http\Kernel.php(166): Illuminate\Routing\Router->dispatch(Object(Illuminate\Http\Request))
#30 C:\projects\web\ICIGAI\erp\kit-erp\vendor\laravel\framework\src\Illuminate\Pipeline\Pipeline.php(128): Illuminate\Foundation\Http\Kernel->Illuminate\Foundation\Http\{closure}(Object(Illuminate\Http\Request))
#31 C:\projects\web\ICIGAI\erp\kit-erp\vendor\barryvdh\laravel-debugbar\src\Middleware\InjectDebugbar.php(67): Illuminate\Pipeline\Pipeline->Illuminate\Pipeline\{closure}(Object(Illuminate\Http\Request))
#32 C:\projects\web\ICIGAI\erp\kit-erp\vendor\laravel\framework\src\Illuminate\Pipeline\Pipeline.php(167): Barryvdh\Debugbar\Middleware\InjectDebugbar->handle(Object(Illuminate\Http\Request), Object(Closure))
#33 C:\projects\web\ICIGAI\erp\kit-erp\vendor\laravel\framework\src\Illuminate\Foundation\Http\Middleware\TransformsRequest.php(21): Illuminate\Pipeline\Pipeline->Illuminate\Pipeline\{closure}(Object(Illuminate\Http\Request))
#34 C:\projects\web\ICIGAI\erp\kit-erp\vendor\laravel\framework\src\Illuminate\Pipeline\Pipeline.php(167): Illuminate\Foundation\Http\Middleware\TransformsRequest->handle(Object(Illuminate\Http\Request), Object(Closure))
#35 C:\projects\web\ICIGAI\erp\kit-erp\vendor\laravel\framework\src\Illuminate\Foundation\Http\Middleware\TransformsRequest.php(21): Illuminate\Pipeline\Pipeline->Illuminate\Pipeline\{closure}(Object(Illuminate\Http\Request))
#36 C:\projects\web\ICIGAI\erp\kit-erp\vendor\laravel\framework\src\Illuminate\Pipeline\Pipeline.php(167): Illuminate\Foundation\Http\Middleware\TransformsRequest->handle(Object(Illuminate\Http\Request), Object(Closure))
#37 C:\projects\web\ICIGAI\erp\kit-erp\vendor\laravel\framework\src\Illuminate\Foundation\Http\Middleware\ValidatePostSize.php(27): Illuminate\Pipeline\Pipeline->Illuminate\Pipeline\{closure}(Object(Illuminate\Http\Request))
#38 C:\projects\web\ICIGAI\erp\kit-erp\vendor\laravel\framework\src\Illuminate\Pipeline\Pipeline.php(167): Illuminate\Foundation\Http\Middleware\ValidatePostSize->handle(Object(Illuminate\Http\Request), Object(Closure))
#39 C:\projects\web\ICIGAI\erp\kit-erp\vendor\laravel\framework\src\Illuminate\Foundation\Http\Middleware\PreventRequestsDuringMaintenance.php(86): Illuminate\Pipeline\Pipeline->Illuminate\Pipeline\{closure}(Object(Illuminate\Http\Request))
#40 C:\projects\web\ICIGAI\erp\kit-erp\vendor\laravel\framework\src\Illuminate\Pipeline\Pipeline.php(167): Illuminate\Foundation\Http\Middleware\PreventRequestsDuringMaintenance->handle(Object(Illuminate\Http\Request), Object(Closure))
#41 C:\projects\web\ICIGAI\erp\kit-erp\vendor\fruitcake\laravel-cors\src\HandleCors.php(37): Illuminate\Pipeline\Pipeline->Illuminate\Pipeline\{closure}(Object(Illuminate\Http\Request))
#42 C:\projects\web\ICIGAI\erp\kit-erp\vendor\laravel\framework\src\Illuminate\Pipeline\Pipeline.php(167): Fruitcake\Cors\HandleCors->handle(Object(Illuminate\Http\Request), Object(Closure))
#43 C:\projects\web\ICIGAI\erp\kit-erp\vendor\fideloper\proxy\src\TrustProxies.php(57): Illuminate\Pipeline\Pipeline->Illuminate\Pipeline\{closure}(Object(Illuminate\Http\Request))
#44 C:\projects\web\ICIGAI\erp\kit-erp\vendor\laravel\framework\src\Illuminate\Pipeline\Pipeline.php(167): Fideloper\Proxy\TrustProxies->handle(Object(Illuminate\Http\Request), Object(Closure))
#45 C:\projects\web\ICIGAI\erp\kit-erp\vendor\laravel\framework\src\Illuminate\Pipeline\Pipeline.php(103): Illuminate\Pipeline\Pipeline->Illuminate\Pipeline\{closure}(Object(Illuminate\Http\Request))
#46 C:\projects\web\ICIGAI\erp\kit-erp\vendor\laravel\framework\src\Illuminate\Foundation\Http\Kernel.php(141): Illuminate\Pipeline\Pipeline->then(Object(Closure))
#47 C:\projects\web\ICIGAI\erp\kit-erp\vendor\laravel\framework\src\Illuminate\Foundation\Http\Kernel.php(110): Illuminate\Foundation\Http\Kernel->sendRequestThroughRouter(Object(Illuminate\Http\Request))
#48 C:\projects\web\ICIGAI\erp\kit-erp\public\index.php(52): Illuminate\Foundation\Http\Kernel->handle(Object(Illuminate\Http\Request))
#49 C:\projects\web\ICIGAI\erp\kit-erp\server.php(21): require_once('C:\\projects\\web...')
#50 {main}
2021-03-23 15:55:30 INFO: Access Token has expired. Hence refreshing.
2021-03-23 17:04:05 INFO: Access Token has expired. Hence refreshing.
2021-03-23 17:26:35 ERROR: zcrmsdk\crm\exception\ZCRMException Caused by:'unable to process your request. please verify whether you have entered proper method name, parameter and parameter values.' in C:\projects\web\ICIGAI\erp\kit-erp\vendor\zohocrm\php-sdk-archive\src\crm\api\response\BulkAPIResponse.php(72)
Trace::#0 C:\projects\web\ICIGAI\erp\kit-erp\vendor\zohocrm\php-sdk-archive\src\crm\api\response\CommonAPIResponse.php(76): zcrmsdk\crm\api\response\BulkAPIResponse->handleForFaultyResponses()
#1 C:\projects\web\ICIGAI\erp\kit-erp\vendor\zohocrm\php-sdk-archive\src\crm\api\response\CommonAPIResponse.php(67): zcrmsdk\crm\api\response\CommonAPIResponse->processResponse()
#2 C:\projects\web\ICIGAI\erp\kit-erp\vendor\zohocrm\php-sdk-archive\src\crm\api\response\BulkAPIResponse.php(47): zcrmsdk\crm\api\response\CommonAPIResponse->__construct('HTTP/1.1 400 \r\n...', 400)
#3 C:\projects\web\ICIGAI\erp\kit-erp\vendor\zohocrm\php-sdk-archive\src\crm\api\APIRequest.php(148): zcrmsdk\crm\api\response\BulkAPIResponse->__construct('HTTP/1.1 400 \r\n...', 400)
#4 C:\projects\web\ICIGAI\erp\kit-erp\vendor\zohocrm\php-sdk-archive\src\crm\api\handler\OrganizationAPIHandler.php(657): zcrmsdk\crm\api\APIRequest->getBulkAPIResponse()
#5 C:\projects\web\ICIGAI\erp\kit-erp\vendor\zohocrm\php-sdk-archive\src\crm\api\handler\OrganizationAPIHandler.php(701): zcrmsdk\crm\api\handler\OrganizationAPIHandler->getUsers(Array, Array, 'AllUsers')
#6 C:\projects\web\ICIGAI\erp\kit-erp\vendor\zohocrm\php-sdk-archive\src\crm\setup\org\ZCRMOrganization.php(845): zcrmsdk\crm\api\handler\OrganizationAPIHandler->getAllUsers(Array, Array)
#7 C:\projects\web\ICIGAI\erp\kit-erp\app\Http\Controllers\Zoho\DealController.php(26): zcrmsdk\crm\setup\org\ZCRMOrganization->getAllUsers()
#8 C:\projects\web\ICIGAI\erp\kit-erp\vendor\laravel\framework\src\Illuminate\Routing\Controller.php(54): App\Http\Controllers\Zoho\DealController->show('469842000000220...')
#9 C:\projects\web\ICIGAI\erp\kit-erp\vendor\laravel\framework\src\Illuminate\Routing\ControllerDispatcher.php(45): Illuminate\Routing\Controller->callAction('show', Array)
#10 C:\projects\web\ICIGAI\erp\kit-erp\vendor\laravel\framework\src\Illuminate\Routing\Route.php(254): Illuminate\Routing\ControllerDispatcher->dispatch(Object(Illuminate\Routing\Route), Object(App\Http\Controllers\Zoho\DealController), 'show')
#11 C:\projects\web\ICIGAI\erp\kit-erp\vendor\laravel\framework\src\Illuminate\Routing\Route.php(197): Illuminate\Routing\Route->runController()
#12 C:\projects\web\ICIGAI\erp\kit-erp\vendor\laravel\framework\src\Illuminate\Routing\Router.php(693): Illuminate\Routing\Route->run()
#13 C:\projects\web\ICIGAI\erp\kit-erp\vendor\laravel\framework\src\Illuminate\Pipeline\Pipeline.php(128): Illuminate\Routing\Router->Illuminate\Routing\{closure}(Object(Illuminate\Http\Request))
#14 C:\projects\web\ICIGAI\erp\kit-erp\vendor\inertiajs\inertia-laravel\src\Middleware.php(82): Illuminate\Pipeline\Pipeline->Illuminate\Pipeline\{closure}(Object(Illuminate\Http\Request))
#15 C:\projects\web\ICIGAI\erp\kit-erp\vendor\laravel\framework\src\Illuminate\Pipeline\Pipeline.php(167): Inertia\Middleware->handle(Object(Illuminate\Http\Request), Object(Closure))
#16 C:\projects\web\ICIGAI\erp\kit-erp\vendor\laravel\framework\src\Illuminate\Routing\Middleware\SubstituteBindings.php(50): Illuminate\Pipeline\Pipeline->Illuminate\Pipeline\{closure}(Object(Illuminate\Http\Request))
#17 C:\projects\web\ICIGAI\erp\kit-erp\vendor\laravel\framework\src\Illuminate\Pipeline\Pipeline.php(167): Illuminate\Routing\Middleware\SubstituteBindings->handle(Object(Illuminate\Http\Request), Object(Closure))
#18 C:\projects\web\ICIGAI\erp\kit-erp\vendor\laravel\framework\src\Illuminate\Foundation\Http\Middleware\VerifyCsrfToken.php(78): Illuminate\Pipeline\Pipeline->Illuminate\Pipeline\{closure}(Object(Illuminate\Http\Request))
#19 C:\projects\web\ICIGAI\erp\kit-erp\vendor\laravel\framework\src\Illuminate\Pipeline\Pipeline.php(167): Illuminate\Foundation\Http\Middleware\VerifyCsrfToken->handle(Object(Illuminate\Http\Request), Object(Closure))
#20 C:\projects\web\ICIGAI\erp\kit-erp\vendor\laravel\framework\src\Illuminate\View\Middleware\ShareErrorsFromSession.php(49): Illuminate\Pipeline\Pipeline->Illuminate\Pipeline\{closure}(Object(Illuminate\Http\Request))
#21 C:\projects\web\ICIGAI\erp\kit-erp\vendor\laravel\framework\src\Illuminate\Pipeline\Pipeline.php(167): Illuminate\View\Middleware\ShareErrorsFromSession->handle(Object(Illuminate\Http\Request), Object(Closure))
#22 C:\projects\web\ICIGAI\erp\kit-erp\vendor\laravel\framework\src\Illuminate\Session\Middleware\StartSession.php(121): Illuminate\Pipeline\Pipeline->Illuminate\Pipeline\{closure}(Object(Illuminate\Http\Request))
#23 C:\projects\web\ICIGAI\erp\kit-erp\vendor\laravel\framework\src\Illuminate\Session\Middleware\StartSession.php(63): Illuminate\Session\Middleware\StartSession->handleStatefulRequest(Object(Illuminate\Http\Request), Object(Illuminate\Session\Store), Object(Closure))
#24 C:\projects\web\ICIGAI\erp\kit-erp\vendor\laravel\framework\src\Illuminate\Pipeline\Pipeline.php(167): Illuminate\Session\Middleware\StartSession->handle(Object(Illuminate\Http\Request), Object(Closure))
#25 C:\projects\web\ICIGAI\erp\kit-erp\vendor\laravel\framework\src\Illuminate\Cookie\Middleware\AddQueuedCookiesToResponse.php(37): Illuminate\Pipeline\Pipeline->Illuminate\Pipeline\{closure}(Object(Illuminate\Http\Request))
#26 C:\projects\web\ICIGAI\erp\kit-erp\vendor\laravel\framework\src\Illuminate\Pipeline\Pipeline.php(167): Illuminate\Cookie\Middleware\AddQueuedCookiesToResponse->handle(Object(Illuminate\Http\Request), Object(Closure))
#27 C:\projects\web\ICIGAI\erp\kit-erp\vendor\laravel\framework\src\Illuminate\Cookie\Middleware\EncryptCookies.php(67): Illuminate\Pipeline\Pipeline->Illuminate\Pipeline\{closure}(Object(Illuminate\Http\Request))
#28 C:\projects\web\ICIGAI\erp\kit-erp\vendor\laravel\framework\src\Illuminate\Pipeline\Pipeline.php(167): Illuminate\Cookie\Middleware\EncryptCookies->handle(Object(Illuminate\Http\Request), Object(Closure))
#29 C:\projects\web\ICIGAI\erp\kit-erp\vendor\laravel\framework\src\Illuminate\Pipeline\Pipeline.php(103): Illuminate\Pipeline\Pipeline->Illuminate\Pipeline\{closure}(Object(Illuminate\Http\Request))
#30 C:\projects\web\ICIGAI\erp\kit-erp\vendor\laravel\framework\src\Illuminate\Routing\Router.php(695): Illuminate\Pipeline\Pipeline->then(Object(Closure))
#31 C:\projects\web\ICIGAI\erp\kit-erp\vendor\laravel\framework\src\Illuminate\Routing\Router.php(670): Illuminate\Routing\Router->runRouteWithinStack(Object(Illuminate\Routing\Route), Object(Illuminate\Http\Request))
#32 C:\projects\web\ICIGAI\erp\kit-erp\vendor\laravel\framework\src\Illuminate\Routing\Router.php(636): Illuminate\Routing\Router->runRoute(Object(Illuminate\Http\Request), Object(Illuminate\Routing\Route))
#33 C:\projects\web\ICIGAI\erp\kit-erp\vendor\laravel\framework\src\Illuminate\Routing\Router.php(625): Illuminate\Routing\Router->dispatchToRoute(Object(Illuminate\Http\Request))
#34 C:\projects\web\ICIGAI\erp\kit-erp\vendor\laravel\framework\src\Illuminate\Foundation\Http\Kernel.php(166): Illuminate\Routing\Router->dispatch(Object(Illuminate\Http\Request))
#35 C:\projects\web\ICIGAI\erp\kit-erp\vendor\laravel\framework\src\Illuminate\Pipeline\Pipeline.php(128): Illuminate\Foundation\Http\Kernel->Illuminate\Foundation\Http\{closure}(Object(Illuminate\Http\Request))
#36 C:\projects\web\ICIGAI\erp\kit-erp\vendor\barryvdh\laravel-debugbar\src\Middleware\InjectDebugbar.php(67): Illuminate\Pipeline\Pipeline->Illuminate\Pipeline\{closure}(Object(Illuminate\Http\Request))
#37 C:\projects\web\ICIGAI\erp\kit-erp\vendor\laravel\framework\src\Illuminate\Pipeline\Pipeline.php(167): Barryvdh\Debugbar\Middleware\InjectDebugbar->handle(Object(Illuminate\Http\Request), Object(Closure))
#38 C:\projects\web\ICIGAI\erp\kit-erp\vendor\laravel\framework\src\Illuminate\Foundation\Http\Middleware\TransformsRequest.php(21): Illuminate\Pipeline\Pipeline->Illuminate\Pipeline\{closure}(Object(Illuminate\Http\Request))
#39 C:\projects\web\ICIGAI\erp\kit-erp\vendor\laravel\framework\src\Illuminate\Pipeline\Pipeline.php(167): Illuminate\Foundation\Http\Middleware\TransformsRequest->handle(Object(Illuminate\Http\Request), Object(Closure))
#40 C:\projects\web\ICIGAI\erp\kit-erp\vendor\laravel\framework\src\Illuminate\Foundation\Http\Middleware\TransformsRequest.php(21): Illuminate\Pipeline\Pipeline->Illuminate\Pipeline\{closure}(Object(Illuminate\Http\Request))
#41 C:\projects\web\ICIGAI\erp\kit-erp\vendor\laravel\framework\src\Illuminate\Pipeline\Pipeline.php(167): Illuminate\Foundation\Http\Middleware\TransformsRequest->handle(Object(Illuminate\Http\Request), Object(Closure))
#42 C:\projects\web\ICIGAI\erp\kit-erp\vendor\laravel\framework\src\Illuminate\Foundation\Http\Middleware\ValidatePostSize.php(27): Illuminate\Pipeline\Pipeline->Illuminate\Pipeline\{closure}(Object(Illuminate\Http\Request))
#43 C:\projects\web\ICIGAI\erp\kit-erp\vendor\laravel\framework\src\Illuminate\Pipeline\Pipeline.php(167): Illuminate\Foundation\Http\Middleware\ValidatePostSize->handle(Object(Illuminate\Http\Request), Object(Closure))
#44 C:\projects\web\ICIGAI\erp\kit-erp\vendor\laravel\framework\src\Illuminate\Foundation\Http\Middleware\PreventRequestsDuringMaintenance.php(86): Illuminate\Pipeline\Pipeline->Illuminate\Pipeline\{closure}(Object(Illuminate\Http\Request))
#45 C:\projects\web\ICIGAI\erp\kit-erp\vendor\laravel\framework\src\Illuminate\Pipeline\Pipeline.php(167): Illuminate\Foundation\Http\Middleware\PreventRequestsDuringMaintenance->handle(Object(Illuminate\Http\Request), Object(Closure))
#46 C:\projects\web\ICIGAI\erp\kit-erp\vendor\fruitcake\laravel-cors\src\HandleCors.php(37): Illuminate\Pipeline\Pipeline->Illuminate\Pipeline\{closure}(Object(Illuminate\Http\Request))
#47 C:\projects\web\ICIGAI\erp\kit-erp\vendor\laravel\framework\src\Illuminate\Pipeline\Pipeline.php(167): Fruitcake\Cors\HandleCors->handle(Object(Illuminate\Http\Request), Object(Closure))
#48 C:\projects\web\ICIGAI\erp\kit-erp\vendor\fideloper\proxy\src\TrustProxies.php(57): Illuminate\Pipeline\Pipeline->Illuminate\Pipeline\{closure}(Object(Illuminate\Http\Request))
#49 C:\projects\web\ICIGAI\erp\kit-erp\vendor\laravel\framework\src\Illuminate\Pipeline\Pipeline.php(167): Fideloper\Proxy\TrustProxies->handle(Object(Illuminate\Http\Request), Object(Closure))
#50 C:\projects\web\ICIGAI\erp\kit-erp\vendor\laravel\framework\src\Illuminate\Pipeline\Pipeline.php(103): Illuminate\Pipeline\Pipeline->Illuminate\Pipeline\{closure}(Object(Illuminate\Http\Request))
#51 C:\projects\web\ICIGAI\erp\kit-erp\vendor\laravel\framework\src\Illuminate\Foundation\Http\Kernel.php(141): Illuminate\Pipeline\Pipeline->then(Object(Closure))
#52 C:\projects\web\ICIGAI\erp\kit-erp\vendor\laravel\framework\src\Illuminate\Foundation\Http\Kernel.php(110): Illuminate\Foundation\Http\Kernel->sendRequestThroughRouter(Object(Illuminate\Http\Request))
#53 C:\projects\web\ICIGAI\erp\kit-erp\public\index.php(52): Illuminate\Foundation\Http\Kernel->handle(Object(Illuminate\Http\Request))
#54 C:\projects\web\ICIGAI\erp\kit-erp\server.php(21): require_once('C:\\projects\\web...')
#55 {main}
2021-03-23 18:30:10 INFO: Access Token has expired. Hence refreshing.
2021-03-23 19:31:07 INFO: Access Token has expired. Hence refreshing.
2021-03-23 21:17:32 INFO: Access Token has expired. Hence refreshing.
2021-03-23 22:39:13 INFO: Access Token has expired. Hence refreshing.
2021-03-23 23:41:25 INFO: Access Token has expired. Hence refreshing.
